Using pre-set license
Built from '2020.3/staging' branch; Version is '2020.3.16f1 (049d6eca3c44) revision 302446'; Using compiler version '192528614'; Build Type 'Release'
OS: 'Windows 10 Home; OS build 19043.1526; Version 2009; 64bit' Language: 'en' Physical Memory: 8155 MB
BatchMode: 1, IsHumanControllingUs: 0, StartBugReporterOnCrash: 0, Is64bit: 1, IsPro: 0

 COMMAND LINE ARGUMENTS:
E:\Unity\2020.3.16f1\Editor\Unity.exe
-adb2
-batchMode
-noUpm
-name
AssetImportWorker1
-projectPath
E:/UnityProjectsSchool/teamProjectMario-main/teamProjectMario-main/teamProjectMario-main
-logFile
Logs/AssetImportWorker1.log
-srvPort
49396
Successfully changed project path to: E:/UnityProjectsSchool/teamProjectMario-main/teamProjectMario-main/teamProjectMario-main
E:/UnityProjectsSchool/teamProjectMario-main/teamProjectMario-main/teamProjectMario-main
Using Asset Import Pipeline V2.
Refreshing native plugins compatible for Editor in 76.28 ms, found 3 plugins.
Preloading 0 native plugins for Editor in 0.00 ms.
Initialize engine version: 2020.3.16f1 (049d6eca3c44)
[Subsystems] Discovering subsystems at path E:/Unity/2020.3.16f1/Editor/Data/Resources/UnitySubsystems
[Subsystems] Discovering subsystems at path E:/UnityProjectsSchool/teamProjectMario-main/teamProjectMario-main/teamProjectMario-main/Assets
GfxDevice: creating device client; threaded=0
Direct3D:
    Version:  Direct3D 11.0 [level 11.1]
    Renderer: AMD Radeon (TM) R9 380 Series (ID=0x6938)
    Vendor:   
    VRAM:     4070 MB
    Driver:   27.20.20903.8001
Initialize mono
Mono path[0] = 'E:/Unity/2020.3.16f1/Editor/Data/Managed'
Mono path[1] = 'E:/Unity/2020.3.16f1/Editor/Data/MonoBleedingEdge/lib/mono/unityjit'
Mono config path = 'E:/Unity/2020.3.16f1/Editor/Data/MonoBleedingEdge/etc'
Using monoOptions --debugger-agent=transport=dt_socket,embedding=1,server=y,suspend=n,address=127.0.0.1:56632
Begin MonoManager ReloadAssembly
Registering precompiled unity dll's ...
Register platform support module: E:/Unity/2020.3.16f1/Editor/Data/PlaybackEngines/WindowsStandaloneSupport/UnityEditor.WindowsStandalone.Extensions.dll
Registered in 0.005567 seconds.
Native extension for WindowsStandalone target not found
Refreshing native plugins compatible for Editor in 56.62 ms, found 3 plugins.
Preloading 0 native plugins for Editor in 0.00 ms.
Mono: successfully reloaded assembly
- Completed reload, in  8.011 seconds
Domain Reload Profiling:
	ReloadAssembly (8011ms)
		BeginReloadAssembly (126ms)
			ExecutionOrderSort (0ms)
			DisableScriptedObjects (0ms)
			BackupInstance (0ms)
			ReleaseScriptingObjects (0ms)
			CreateAndSetChildDomain (1ms)
		EndReloadAssembly (599ms)
			LoadAssemblies (121ms)
			RebuildTransferFunctionScriptingTraits (0ms)
			SetupTypeCache (212ms)
			ReleaseScriptCaches (0ms)
			RebuildScriptCaches (35ms)
			SetupLoadedEditorAssemblies (244ms)
				LogAssemblyErrors (0ms)
				InitializePlatformSupportModulesInManaged (5ms)
				SetLoadedEditorAssemblies (0ms)
				RefreshPlugins (57ms)
				BeforeProcessingInitializeOnLoad (20ms)
				ProcessInitializeOnLoadAttributes (98ms)
				ProcessInitializeOnLoadMethodAttributes (63ms)
				AfterProcessingInitializeOnLoad (0ms)
				EditorAssembliesLoaded (0ms)
			ExecutionOrderSort2 (0ms)
			AwakeInstancesAfterBackupRestoration (0ms)
Platform modules already initialized, skipping
Registering precompiled user dll's ...
Registered in 0.010629 seconds.
Begin MonoManager ReloadAssembly
Native extension for WindowsStandalone target not found
Refreshing native plugins compatible for Editor in 51.43 ms, found 3 plugins.
Preloading 0 native plugins for Editor in 0.00 ms.
Mono: successfully reloaded assembly
- Completed reload, in  1.548 seconds
Domain Reload Profiling:
	ReloadAssembly (1549ms)
		BeginReloadAssembly (207ms)
			ExecutionOrderSort (0ms)
			DisableScriptedObjects (5ms)
			BackupInstance (0ms)
			ReleaseScriptingObjects (0ms)
			CreateAndSetChildDomain (24ms)
		EndReloadAssembly (1246ms)
			LoadAssemblies (145ms)
			RebuildTransferFunctionScriptingTraits (0ms)
			SetupTypeCache (352ms)
			ReleaseScriptCaches (0ms)
			RebuildScriptCaches (61ms)
			SetupLoadedEditorAssemblies (556ms)
				LogAssemblyErrors (0ms)
				InitializePlatformSupportModulesInManaged (4ms)
				SetLoadedEditorAssemblies (0ms)
				RefreshPlugins (52ms)
				BeforeProcessingInitializeOnLoad (116ms)
				ProcessInitializeOnLoadAttributes (352ms)
				ProcessInitializeOnLoadMethodAttributes (15ms)
				AfterProcessingInitializeOnLoad (16ms)
				EditorAssembliesLoaded (0ms)
			ExecutionOrderSort2 (0ms)
			AwakeInstancesAfterBackupRestoration (7ms)
Platform modules already initialized, skipping
========================================================================
Worker process is ready to serve import requests
Launched and connected shader compiler UnityShaderCompiler.exe after 0.26 seconds
Refreshing native plugins compatible for Editor in 0.52 ms, found 3 plugins.
Preloading 0 native plugins for Editor in 0.00 ms.
Unloading 2267 Unused Serialized files (Serialized files now loaded: 0)
System memory in use before: 101.5 MB.
System memory in use after: 101.7 MB.

Unloading 29 unused Assets to reduce memory usage. Loaded Objects now: 2706.
Total: 3.666800 ms (FindLiveObjects: 0.316300 ms CreateObjectMapping: 0.113500 ms MarkObjects: 3.129000 ms  DeleteObjects: 0.107000 ms)

AssetImportParameters requested are different than current active one (requested -> active):
  custom:framework-win-MediaFoundation: 216162199b28c13a410421893ffa2e32 -> 
  custom:video-decoder-ogg-theora: a1e56fd34408186e4bbccfd4996cb3dc -> 
  custom:container-muxer-webm: aa71ff27fc2769a1b78a27578f13a17b -> 
  custom:container-demuxer-webm: 4f35f7cbe854078d1ac9338744f61a02 -> 
  custom:container-demuxer-ogg: 62fdf1f143b41e24485cea50d1cbac27 -> 
  custom:video-encoder-webm-vp8: eb34c28f22e8b96e1ab97ce403110664 -> 
  custom:video-decoder-webm-vp8: 9c59270c3fd7afecdb556c50c9e8de78 -> 
  custom:audio-decoder-ogg-vorbis: bf7c407c2cedff20999df2af8eb42d56 -> 
  custom:audio-encoder-webm-vorbis: bf7c407c2cedff20999df2af8eb42d56 -> 
========================================================================
Received Import Request.
  path: Assets/Scenes/Level2.unity
  artifactKey: Guid(a2ddfb9ddfb06b54090fb15f8ef276c5) Importer(815301076,1909f56bfc062723c751e8b465ee728b)
Start importing Assets/Scenes/Level2.unity using Guid(a2ddfb9ddfb06b54090fb15f8ef276c5) Importer(815301076,1909f56bfc062723c751e8b465ee728b)  -> (artifact id: '33f569dc01dd45420a3623d79554b396') in 0.020095 seconds 
  Import took 0.025208 seconds .

========================================================================
Received Import Request.
  Time since last request: 13.674520 seconds.
  path: Assets/Prefabs/HorizontalCannon.prefab
  artifactKey: Guid(da1914f9ef4bd0549a28867d94d7b56a) Importer(815301076,1909f56bfc062723c751e8b465ee728b)
Start importing Assets/Prefabs/HorizontalCannon.prefab using Guid(da1914f9ef4bd0549a28867d94d7b56a) Importer(815301076,1909f56bfc062723c751e8b465ee728b)  -> (artifact id: 'e48ec3980fa339ecd8692be2a40fa601') in 0.168495 seconds 
  Import took 0.174077 seconds .

========================================================================
Received Import Request.
  Time since last request: 6.554824 seconds.
  path: Assets/Prefabs/hitBoxForCB.prefab
  artifactKey: Guid(6807f8384af065241bf3d38e10d53dcf) Importer(815301076,1909f56bfc062723c751e8b465ee728b)
Start importing Assets/Prefabs/hitBoxForCB.prefab using Guid(6807f8384af065241bf3d38e10d53dcf) Importer(815301076,1909f56bfc062723c751e8b465ee728b)  -> (artifact id: 'd5d99e9f7f96eb402ccccbb69327e6db') in 0.025560 seconds 
  Import took 0.030122 seconds .

========================================================================
Received Import Request.
  Time since last request: 15.213896 seconds.
  path: Assets/Prefabs/hitBoxForCB.prefab
  artifactKey: Guid(6807f8384af065241bf3d38e10d53dcf) Importer(815301076,1909f56bfc062723c751e8b465ee728b)
Start importing Assets/Prefabs/hitBoxForCB.prefab using Guid(6807f8384af065241bf3d38e10d53dcf) Importer(815301076,1909f56bfc062723c751e8b465ee728b)  -> (artifact id: '07e01da2c0fd1a711a7f346054a596e5') in 0.015172 seconds 
  Import took 0.020156 seconds .

========================================================================
Received Import Request.
  Time since last request: 8.649285 seconds.
  path: Assets/Prefabs/hitBoxForCB.prefab
  artifactKey: Guid(6807f8384af065241bf3d38e10d53dcf) Importer(815301076,1909f56bfc062723c751e8b465ee728b)
Start importing Assets/Prefabs/hitBoxForCB.prefab using Guid(6807f8384af065241bf3d38e10d53dcf) Importer(815301076,1909f56bfc062723c751e8b465ee728b)  -> (artifact id: '3bd3584825fd2e690e5b6afc417b4b51') in 0.023108 seconds 
  Import took 0.028212 seconds .

========================================================================
Received Import Request.
  Time since last request: 6.819600 seconds.
  path: Assets/Prefabs/hitBoxForCB.prefab
  artifactKey: Guid(6807f8384af065241bf3d38e10d53dcf) Importer(815301076,1909f56bfc062723c751e8b465ee728b)
Start importing Assets/Prefabs/hitBoxForCB.prefab using Guid(6807f8384af065241bf3d38e10d53dcf) Importer(815301076,1909f56bfc062723c751e8b465ee728b)  -> (artifact id: '72a8552190ce2b971177eeb0913fb818') in 0.012271 seconds 
  Import took 0.017526 seconds .

========================================================================
Received Import Request.
  Time since last request: 8.869032 seconds.
  path: Assets/Prefabs/hitBoxForCB.prefab
  artifactKey: Guid(6807f8384af065241bf3d38e10d53dcf) Importer(815301076,1909f56bfc062723c751e8b465ee728b)
Start importing Assets/Prefabs/hitBoxForCB.prefab using Guid(6807f8384af065241bf3d38e10d53dcf) Importer(815301076,1909f56bfc062723c751e8b465ee728b)  -> (artifact id: '0d3ea14d3ff111bbf5d003538507abcd') in 0.028855 seconds 
  Import took 0.033813 seconds .

========================================================================
Received Prepare
Registering precompiled user dll's ...
Registered in 0.008840 seconds.
Begin MonoManager ReloadAssembly
Native extension for WindowsStandalone target not found
Refreshing native plugins compatible for Editor in 0.86 ms, found 3 plugins.
Preloading 0 native plugins for Editor in 0.00 ms.
Mono: successfully reloaded assembly
- Completed reload, in  1.649 seconds
Domain Reload Profiling:
	ReloadAssembly (1649ms)
		BeginReloadAssembly (202ms)
			ExecutionOrderSort (0ms)
			DisableScriptedObjects (10ms)
			BackupInstance (0ms)
			ReleaseScriptingObjects (0ms)
			CreateAndSetChildDomain (53ms)
		EndReloadAssembly (1344ms)
			LoadAssemblies (169ms)
			RebuildTransferFunctionScriptingTraits (0ms)
			SetupTypeCache (413ms)
			ReleaseScriptCaches (1ms)
			RebuildScriptCaches (61ms)
			SetupLoadedEditorAssemblies (581ms)
				LogAssemblyErrors (0ms)
				InitializePlatformSupportModulesInManaged (7ms)
				SetLoadedEditorAssemblies (1ms)
				RefreshPlugins (1ms)
				BeforeProcessingInitializeOnLoad (180ms)
				ProcessInitializeOnLoadAttributes (369ms)
				ProcessInitializeOnLoadMethodAttributes (7ms)
				AfterProcessingInitializeOnLoad (16ms)
				EditorAssembliesLoaded (0ms)
			ExecutionOrderSort2 (0ms)
			AwakeInstancesAfterBackupRestoration (13ms)
Platform modules already initialized, skipping
Refreshing native plugins compatible for Editor in 0.47 ms, found 3 plugins.
Preloading 0 native plugins for Editor in 0.00 ms.
Unloading 2242 Unused Serialized files (Serialized files now loaded: 0)
System memory in use before: 102.7 MB.
System memory in use after: 102.8 MB.

Unloading 17 unused Assets to reduce memory usage. Loaded Objects now: 2716.
Total: 3.468000 ms (FindLiveObjects: 0.222400 ms CreateObjectMapping: 0.097400 ms MarkObjects: 3.098600 ms  DeleteObjects: 0.048600 ms)

AssetImportParameters requested are different than current active one (requested -> active):
  custom:framework-win-MediaFoundation: 216162199b28c13a410421893ffa2e32 -> 
  custom:video-decoder-ogg-theora: a1e56fd34408186e4bbccfd4996cb3dc -> 
  custom:container-muxer-webm: aa71ff27fc2769a1b78a27578f13a17b -> 
  custom:container-demuxer-webm: 4f35f7cbe854078d1ac9338744f61a02 -> 
  custom:container-demuxer-ogg: 62fdf1f143b41e24485cea50d1cbac27 -> 
  custom:video-encoder-webm-vp8: eb34c28f22e8b96e1ab97ce403110664 -> 
  custom:video-decoder-webm-vp8: 9c59270c3fd7afecdb556c50c9e8de78 -> 
  custom:audio-decoder-ogg-vorbis: bf7c407c2cedff20999df2af8eb42d56 -> 
  custom:audio-encoder-webm-vorbis: bf7c407c2cedff20999df2af8eb42d56 -> 
========================================================================
Received Import Request.
  Time since last request: 113.718216 seconds.
  path: Assets/Prefabs/HorizontalCannon.prefab
  artifactKey: Guid(da1914f9ef4bd0549a28867d94d7b56a) Importer(815301076,1909f56bfc062723c751e8b465ee728b)
Start importing Assets/Prefabs/HorizontalCannon.prefab using Guid(da1914f9ef4bd0549a28867d94d7b56a) Importer(815301076,1909f56bfc062723c751e8b465ee728b)  -> (artifact id: '042e669218d9004dc5341a9a577fface') in 0.080549 seconds 
  Import took 0.087065 seconds .

========================================================================
Received Import Request.
  Time since last request: 1400.196863 seconds.
  path: Assets/Prefabs/cannonBall2.prefab
  artifactKey: Guid(01ec10f62899f59439f820da56eaee59) Importer(815301076,1909f56bfc062723c751e8b465ee728b)
Start importing Assets/Prefabs/cannonBall2.prefab using Guid(01ec10f62899f59439f820da56eaee59) Importer(815301076,1909f56bfc062723c751e8b465ee728b)  -> (artifact id: '0ec23ef28258aab07b1484091ee449e4') in 0.042027 seconds 
  Import took 0.060242 seconds .

========================================================================
Received Import Request.
  Time since last request: 35.874283 seconds.
  path: Assets/Prefabs/HorizontalCannon.prefab
  artifactKey: Guid(da1914f9ef4bd0549a28867d94d7b56a) Importer(815301076,1909f56bfc062723c751e8b465ee728b)
Start importing Assets/Prefabs/HorizontalCannon.prefab using Guid(da1914f9ef4bd0549a28867d94d7b56a) Importer(815301076,1909f56bfc062723c751e8b465ee728b)  -> (artifact id: '84da389c3d76a1e268e7e04dbed65108') in 0.067846 seconds 
  Import took 0.072619 seconds .

========================================================================
Received Import Request.
  Time since last request: 3.093803 seconds.
  path: Assets/Prefabs/HorizontalCannon.prefab
  artifactKey: Guid(da1914f9ef4bd0549a28867d94d7b56a) Importer(815301076,1909f56bfc062723c751e8b465ee728b)
Start importing Assets/Prefabs/HorizontalCannon.prefab using Guid(da1914f9ef4bd0549a28867d94d7b56a) Importer(815301076,1909f56bfc062723c751e8b465ee728b)  -> (artifact id: '85156b050179522abc6196a105e5b991') in 0.022520 seconds 
  Import took 0.028083 seconds .

========================================================================
Received Import Request.
  Time since last request: 3.252334 seconds.
  path: Assets/Prefabs/HorizontalCannon.prefab
  artifactKey: Guid(da1914f9ef4bd0549a28867d94d7b56a) Importer(815301076,1909f56bfc062723c751e8b465ee728b)
Start importing Assets/Prefabs/HorizontalCannon.prefab using Guid(da1914f9ef4bd0549a28867d94d7b56a) Importer(815301076,1909f56bfc062723c751e8b465ee728b)  -> (artifact id: 'e636494ae2348dd09a135b056cd6fd63') in 0.021597 seconds 
  Import took 0.036460 seconds .

========================================================================
Received Import Request.
  Time since last request: 3.359363 seconds.
  path: Assets/Prefabs/HorizontalCannon.prefab
  artifactKey: Guid(da1914f9ef4bd0549a28867d94d7b56a) Importer(815301076,1909f56bfc062723c751e8b465ee728b)
Start importing Assets/Prefabs/HorizontalCannon.prefab using Guid(da1914f9ef4bd0549a28867d94d7b56a) Importer(815301076,1909f56bfc062723c751e8b465ee728b)  -> (artifact id: 'e1269feb36b076c89a52a83de00fb132') in 0.024953 seconds 
  Import took 0.030053 seconds .

========================================================================
Received Import Request.
  Time since last request: 7.155858 seconds.
  path: Assets/Prefabs/HorizontalCannon.prefab
  artifactKey: Guid(da1914f9ef4bd0549a28867d94d7b56a) Importer(815301076,1909f56bfc062723c751e8b465ee728b)
Start importing Assets/Prefabs/HorizontalCannon.prefab using Guid(da1914f9ef4bd0549a28867d94d7b56a) Importer(815301076,1909f56bfc062723c751e8b465ee728b)  -> (artifact id: '895e0bae3d6878f0fd3159a26c4aa8ff') in 0.044336 seconds 
  Import took 0.053958 seconds .

========================================================================
Received Import Request.
  Time since last request: 2.827491 seconds.
  path: Assets/Prefabs/HorizontalCannon.prefab
  artifactKey: Guid(da1914f9ef4bd0549a28867d94d7b56a) Importer(815301076,1909f56bfc062723c751e8b465ee728b)
Start importing Assets/Prefabs/HorizontalCannon.prefab using Guid(da1914f9ef4bd0549a28867d94d7b56a) Importer(815301076,1909f56bfc062723c751e8b465ee728b)  -> (artifact id: '2f6c78431bac0d1ba11589fff0ba7e16') in 0.017623 seconds 
  Import took 0.037968 seconds .

========================================================================
Received Import Request.
  Time since last request: 3.761439 seconds.
  path: Assets/Prefabs/HorizontalCannon.prefab
  artifactKey: Guid(da1914f9ef4bd0549a28867d94d7b56a) Importer(815301076,1909f56bfc062723c751e8b465ee728b)
Start importing Assets/Prefabs/HorizontalCannon.prefab using Guid(da1914f9ef4bd0549a28867d94d7b56a) Importer(815301076,1909f56bfc062723c751e8b465ee728b)  -> (artifact id: 'e0c68d17e13956e07a7d31b5c2d5dca6') in 0.023899 seconds 
  Import took 0.030112 seconds .

========================================================================
Received Import Request.
  Time since last request: 3.223866 seconds.
  path: Assets/Prefabs/HorizontalCannon.prefab
  artifactKey: Guid(da1914f9ef4bd0549a28867d94d7b56a) Importer(815301076,1909f56bfc062723c751e8b465ee728b)
Start importing Assets/Prefabs/HorizontalCannon.prefab using Guid(da1914f9ef4bd0549a28867d94d7b56a) Importer(815301076,1909f56bfc062723c751e8b465ee728b)  -> (artifact id: '0b17d57dfa1baf113be6eac6f9a0ae24') in 0.021555 seconds 
  Import took 0.027147 seconds .

========================================================================
Received Prepare
Registering precompiled user dll's ...
Registered in 0.306563 seconds.
Begin MonoManager ReloadAssembly
Native extension for WindowsStandalone target not found
Refreshing native plugins compatible for Editor in 0.48 ms, found 3 plugins.
Preloading 0 native plugins for Editor in 0.00 ms.
Mono: successfully reloaded assembly
- Completed reload, in  1.558 seconds
Domain Reload Profiling:
	ReloadAssembly (1558ms)
		BeginReloadAssembly (145ms)
			ExecutionOrderSort (0ms)
			DisableScriptedObjects (7ms)
			BackupInstance (0ms)
			ReleaseScriptingObjects (0ms)
			CreateAndSetChildDomain (39ms)
		EndReloadAssembly (1328ms)
			LoadAssemblies (133ms)
			RebuildTransferFunctionScriptingTraits (0ms)
			SetupTypeCache (343ms)
			ReleaseScriptCaches (1ms)
			RebuildScriptCaches (60ms)
			SetupLoadedEditorAssemblies (654ms)
				LogAssemblyErrors (0ms)
				InitializePlatformSupportModulesInManaged (7ms)
				SetLoadedEditorAssemblies (1ms)
				RefreshPlugins (1ms)
				BeforeProcessingInitializeOnLoad (162ms)
				ProcessInitializeOnLoadAttributes (459ms)
				ProcessInitializeOnLoadMethodAttributes (8ms)
				AfterProcessingInitializeOnLoad (16ms)
				EditorAssembliesLoaded (0ms)
			ExecutionOrderSort2 (0ms)
			AwakeInstancesAfterBackupRestoration (12ms)
Platform modules already initialized, skipping
Refreshing native plugins compatible for Editor in 0.53 ms, found 3 plugins.
Preloading 0 native plugins for Editor in 0.00 ms.
Unloading 2242 Unused Serialized files (Serialized files now loaded: 0)
System memory in use before: 102.8 MB.
System memory in use after: 103.0 MB.

Unloading 17 unused Assets to reduce memory usage. Loaded Objects now: 2720.
Total: 4.232500 ms (FindLiveObjects: 0.271900 ms CreateObjectMapping: 0.129000 ms MarkObjects: 3.808000 ms  DeleteObjects: 0.022000 ms)

AssetImportParameters requested are different than current active one (requested -> active):
  custom:framework-win-MediaFoundation: 216162199b28c13a410421893ffa2e32 -> 
  custom:video-decoder-ogg-theora: a1e56fd34408186e4bbccfd4996cb3dc -> 
  custom:container-muxer-webm: aa71ff27fc2769a1b78a27578f13a17b -> 
  custom:container-demuxer-webm: 4f35f7cbe854078d1ac9338744f61a02 -> 
  custom:container-demuxer-ogg: 62fdf1f143b41e24485cea50d1cbac27 -> 
  custom:video-encoder-webm-vp8: eb34c28f22e8b96e1ab97ce403110664 -> 
  custom:video-decoder-webm-vp8: 9c59270c3fd7afecdb556c50c9e8de78 -> 
  custom:audio-decoder-ogg-vorbis: bf7c407c2cedff20999df2af8eb42d56 -> 
  custom:audio-encoder-webm-vorbis: bf7c407c2cedff20999df2af8eb42d56 -> 
========================================================================
Received Import Request.
  Time since last request: 75.766630 seconds.
  path: Assets/Prefabs/diagonalShotCannon.prefab
  artifactKey: Guid(15be145f7030f5948aab606e05a16c7d) Importer(815301076,1909f56bfc062723c751e8b465ee728b)
Start importing Assets/Prefabs/diagonalShotCannon.prefab using Guid(15be145f7030f5948aab606e05a16c7d) Importer(815301076,1909f56bfc062723c751e8b465ee728b)  -> (artifact id: 'ece7d15162c11fb6611598495e1233b5') in 0.076593 seconds 
  Import took 0.081119 seconds .

========================================================================
Received Import Request.
  Time since last request: 0.004527 seconds.
  path: Assets/Prefabs/diagonalShotCannon.prefab
  artifactKey: Guid(15be145f7030f5948aab606e05a16c7d) Importer(815301076,1909f56bfc062723c751e8b465ee728b)
Start importing Assets/Prefabs/diagonalShotCannon.prefab using Guid(15be145f7030f5948aab606e05a16c7d) Importer(815301076,1909f56bfc062723c751e8b465ee728b)  -> (artifact id: 'ece7d15162c11fb6611598495e1233b5') in 0.017124 seconds 
  Import took 0.022449 seconds .

========================================================================
Received Prepare
Registering precompiled user dll's ...
Registered in 0.008283 seconds.
Begin MonoManager ReloadAssembly
Native extension for WindowsStandalone target not found
Refreshing native plugins compatible for Editor in 0.56 ms, found 3 plugins.
Preloading 0 native plugins for Editor in 0.00 ms.
Mono: successfully reloaded assembly
- Completed reload, in  1.677 seconds
Domain Reload Profiling:
	ReloadAssembly (1678ms)
		BeginReloadAssembly (205ms)
			ExecutionOrderSort (0ms)
			DisableScriptedObjects (11ms)
			BackupInstance (0ms)
			ReleaseScriptingObjects (0ms)
			CreateAndSetChildDomain (51ms)
		EndReloadAssembly (1381ms)
			LoadAssemblies (188ms)
			RebuildTransferFunctionScriptingTraits (0ms)
			SetupTypeCache (384ms)
			ReleaseScriptCaches (1ms)
			RebuildScriptCaches (56ms)
			SetupLoadedEditorAssemblies (636ms)
				LogAssemblyErrors (0ms)
				InitializePlatformSupportModulesInManaged (6ms)
				SetLoadedEditorAssemblies (0ms)
				RefreshPlugins (1ms)
				BeforeProcessingInitializeOnLoad (186ms)
				ProcessInitializeOnLoadAttributes (420ms)
				ProcessInitializeOnLoadMethodAttributes (6ms)
				AfterProcessingInitializeOnLoad (16ms)
				EditorAssembliesLoaded (0ms)
			ExecutionOrderSort2 (0ms)
			AwakeInstancesAfterBackupRestoration (13ms)
Platform modules already initialized, skipping
Refreshing native plugins compatible for Editor in 0.48 ms, found 3 plugins.
Preloading 0 native plugins for Editor in 0.00 ms.
Unloading 2242 Unused Serialized files (Serialized files now loaded: 0)
System memory in use before: 102.8 MB.
System memory in use after: 103.0 MB.

Unloading 17 unused Assets to reduce memory usage. Loaded Objects now: 2724.
Total: 3.822600 ms (FindLiveObjects: 0.247400 ms CreateObjectMapping: 0.103600 ms MarkObjects: 3.406200 ms  DeleteObjects: 0.064300 ms)

AssetImportParameters requested are different than current active one (requested -> active):
  custom:framework-win-MediaFoundation: 216162199b28c13a410421893ffa2e32 -> 
  custom:video-decoder-ogg-theora: a1e56fd34408186e4bbccfd4996cb3dc -> 
  custom:container-muxer-webm: aa71ff27fc2769a1b78a27578f13a17b -> 
  custom:container-demuxer-webm: 4f35f7cbe854078d1ac9338744f61a02 -> 
  custom:container-demuxer-ogg: 62fdf1f143b41e24485cea50d1cbac27 -> 
  custom:video-encoder-webm-vp8: eb34c28f22e8b96e1ab97ce403110664 -> 
  custom:video-decoder-webm-vp8: 9c59270c3fd7afecdb556c50c9e8de78 -> 
  custom:audio-decoder-ogg-vorbis: bf7c407c2cedff20999df2af8eb42d56 -> 
  custom:audio-encoder-webm-vorbis: bf7c407c2cedff20999df2af8eb42d56 -> 
AssetImportWorkerClient::OnTransportError - code=2 error=End of file
